C51 COMPILER V9.59.0.0   DS3231                                                            04/21/2024 20:02:53 PAGE 1   


C51 COMPILER V9.59.0.0, COMPILATION OF MODULE DS3231
OBJECT MODULE PLACED IN .\Obj\ds3231.obj
COMPILER INVOKED BY: C:\Keil_v5\C51\BIN\C51.EXE ds3231.c OPTIMIZE(8,SPEED) BROWSE INCDIR(.\App\24c02;.\App\iic;.\App\key
                    -;.\App\smg;.\Public;.\App\ds18b20;.\App\ds1302) DEBUG OBJECTEXTEND PRINT(.\Obj\ds3231.lst) TABS(2) OBJECT(.\Obj\ds3231.o
                    -bj)

line level    source

   1          #include "I2C.h"
   2          #include "ds3231.h"
   3          
   4          unsigned char rtc_current[8] = {0x20,0x24,0x04,0x21,0x18,0x30,0x59,0x07};
   5          
   6          unsigned char rtc[15];
   7          
   8          void DS3231_Write(unsigned char addr,unsigned char dat)
   9          {
  10   1          I2C_Start();
  11   1          I2C_SendByte(0XD0);
  12   1          I2C_ReadACK();
  13   1          I2C_SendByte(addr);
  14   1          I2C_ReadACK();
  15   1          I2C_SendByte(dat);
  16   1          I2C_ReadACK();
  17   1          I2C_Stop();
  18   1      }
  19          
  20          
  21          unsigned char DS3231_Read(unsigned char addr)
  22          {
  23   1          unsigned char Data;
  24   1          I2C_Start();
  25   1          I2C_SendByte(0XD0);
  26   1          I2C_ReadACK();
  27   1          I2C_SendByte(addr);
  28   1          I2C_ReadACK();
  29   1          I2C_Start();
  30   1          I2C_SendByte(0XD1);
  31   1          I2C_ReadACK();
  32   1          Data=I2C_ReadByte();
  33   1          I2C_SendNAK(1);
  34   1          I2C_Stop();
  35   1        
  36   1          return Data;
  37   1      }
  38          
  39          
  40          void RTC_WriteConfig(void)
  41          {
  42   1        DS3231_Write(rtc_year,rtc_current[1]);
  43   1        DS3231_Write(rtc_mon,rtc_current[2]);
  44   1        DS3231_Write(rtc_date,rtc_current[3]);
  45   1        DS3231_Write(rtc_hour,rtc_current[4]);
  46   1        DS3231_Write(rtc_min,rtc_current[5]);
  47   1        DS3231_Write(rtc_sec,rtc_current[6]);
  48   1        DS3231_Write(rtc_week,rtc_current[7]);
  49   1      }
  50          
  51          
  52          void RTC_Read(void)
  53          {
C51 COMPILER V9.59.0.0   DS3231                                                            04/21/2024 20:02:53 PAGE 2   

  54   1        
  55   1        rtc_current[1]=DS3231_Read(rtc_year);
  56   1        rtc_current[2]=DS3231_Read(rtc_mon);
  57   1        rtc_current[3]=DS3231_Read(rtc_date);
  58   1        rtc_current[4]=(DS3231_Read(rtc_hour)&0x3f);
  59   1        rtc_current[5]=(DS3231_Read(rtc_min)&0x7f);
  60   1        rtc_current[6]=(DS3231_Read(rtc_sec)&0x7f);
  61   1        rtc_current[7]=DS3231_Read(rtc_week);
  62   1        
  63   1        //-------?-------//
  64   1        rtc[0] = ((rtc_current[0]&0xf0)>>4);
  65   1        rtc[1] = (rtc_current[0]&0x0f);
  66   1        rtc[2] = ((rtc_current[1]&0xf0)>>4);
  67   1        rtc[3] = (rtc_current[1]&0x0f);
  68   1        //-------?-------//
  69   1          
  70   1        rtc[4] = ((rtc_current[2]&0xf0)>>4);
  71   1        rtc[5] = (rtc_current[2]&0x0f);
  72   1       
  73   1        //-------?-------//
  74   1        rtc[6] = ((rtc_current[3]&0xf0)>>4);
  75   1        rtc[7] = (rtc_current[3]&0x0f);
  76   1       
  77   1        //-------?-------//
  78   1        rtc[8] = ((rtc_current[4]&0xf0)>>4);
  79   1        rtc[9] = (rtc_current[4]&0x0f);
  80   1       
  81   1        //-------?-------//
  82   1        rtc[10] = ((rtc_current[5]&0xf0)>>4);
  83   1        rtc[11] = (rtc_current[5]&0x0f);
  84   1       
  85   1        //-------?-------//
  86   1        rtc[12] = ((rtc_current[6]&0xf0)>>4);
  87   1        rtc[13] = (rtc_current[6]&0x0f);
  88   1       
  89   1        //--------------//
  90   1        rtc[14] = (rtc_current[7]&0x0f);
  91   1      }


MODULE INFORMATION:   STATIC OVERLAYABLE
   CODE SIZE        =    417    ----
   CONSTANT SIZE    =   ----    ----
   XDATA SIZE       =   ----    ----
   PDATA SIZE       =   ----    ----
   DATA SIZE        =     23    ----
   IDATA SIZE       =   ----    ----
   BIT SIZE         =   ----    ----
END OF MODULE INFORMATION.


C51 COMPILATION COMPLETE.  0 WARNING(S),  0 ERROR(S)
