C51 COMPILER V9.59.0.0   I2C                                                               04/21/2024 19:25:17 PAGE 1   


C51 COMPILER V9.59.0.0, COMPILATION OF MODULE I2C
OBJECT MODULE PLACED IN .\Obj\I2C.obj
COMPILER INVOKED BY: C:\Keil_v5\C51\BIN\C51.EXE I2C.c OPTIMIZE(8,SPEED) BROWSE INCDIR(.\App\24c02;.\App\iic;.\App\key;.\
                    -App\smg;.\Public;.\App\ds18b20;.\App\ds1302) DEBUG OBJECTEXTEND PRINT(.\Obj\I2C.lst) TABS(2) OBJECT(.\Obj\I2C.obj)

line level    source

   1          //iic.c
   2          
   3          #include "reg52.h"
   4          #include "I2C.h"
*** ERROR C141 IN LINE 20 OF I2C.h: syntax error near 'date', expected ')'
*** ERROR C129 IN LINE 21 OF I2C.h: missing ';' before 'read_byte'
   5          #include "intrins.h"
   6          #include "delay.h"
   7          
   8          //#define I2CDelay() {_nop_();_nop_();}
   9          
  10          void I2C_Start(void) //????
  11          {
  12            SDA_H;
  13            //I2CDelay();
  14            SCL_H;
  15            //I2CDelay();
  16            SDA_L;
  17            //I2CDelay();
  18          }
  19          void I2C_Stop(void) //??
  20          {
  21            SDA_L;
  22            //I2CDelay();
  23            SCL_H;
  24            //I2CDelay();
  25            SDA_H;
  26            //I2CDelay();
  27          }
  28          
  29          
  30          void send_ACK(bit b_ACK)     //????ACK,????
  31          {
  32            SCL_L;
  33            //I2CDelay();
  34            if(b_ACK)                    //ACK
  35            {
  36              SDA_L;        
  37            }
  38            else                          //NOACK
  39            {
  40              SDA_H;
  41            }
  42            //I2CDelay();
  43            SCL_H;
  44            //I2CDelay();
  45            SCL_L;
  46            //I2CDelay();
  47          }
  48          
  49          void read_ACK(void)    //?? 24C02 ?? ACK
  50          {
  51            uint8_t t=0;
  52            SCL_H;
C51 COMPILER V9.59.0.0   I2C                                                               04/21/2024 19:25:17 PAGE 2   

  53            //I2CDelay();
  54            while((I2C_SDA==1)&&(t<200))t++;    //??ACK,????
  55            SCL_L;
  56            //I2CDelay();
  57          }
  58          
  59          void I2C_init()  //I2C?????,?? I2C_SDA ? I2C_SCL ????
  60          {
  61            SDA_H;
  62            SCL_H;
  63          }
  64          
  65          void write_byte(uint8_t date)       //?24C02?????????
  66          {
  67            uint8_t mask;
  68            SCL_L;
  69            for(mask=0x80;mask!=0;mask>>=1)    //??????????
  70            {
  71              
  72              if((mask&date)==0)
  73              {
  74                SDA_L;
  75              }
  76              else
  77              {
  78                SDA_H;
  79              }
  80              //I2CDelay();
  81              SCL_H;
  82              //I2CDelay();
  83              SCL_L;
  84            }
  85          
  86          }
  87          
  88          uint8_t read_byte()   //?????,? 24C02 ???????
  89          {
  90            uint8_t i=0,read_data=0;
  91            SCL_L;
  92            //I2CDelay();
  93            SDA_H;
  94            //I2CDelay();
  95            for(i=0;i<8;i++)
  96            {
  97              SCL_H;        //I2C_SCL ???????
  98              //I2CDelay();
  99              read_data=(read_data<<1)|I2C_SDA; //? I2C_SDA ??????
 100              SCL_L;        //I2C_SCL ???????
 101              //I2CDelay();
 102            }
 103            return read_data;
 104          }
 105          
 106          void write_add(uint8_t address,uint8_t date)    //? 24C02 ????????
 107          {
 108            I2C_Start();        //????
 109            write_byte(0XA0);    //?????
 110            read_ACK();        //????
 111            write_byte(address);   //????????
 112            read_ACK();            //????
 113            write_byte(date);    //????
 114            read_ACK();           //????
C51 COMPILER V9.59.0.0   I2C                                                               04/21/2024 19:25:17 PAGE 3   

 115            I2C_Stop();          //????
 116          }
 117          
 118          
 119          /*void write_MultipleByte(uint8_t address,uint8_t length,uint8_t *date)    //????,???????
 120          { 
 121            while(length--)
 122            {
 123              write_add(address++,*date++);
 124            }
 125            
 126          }*/
 127          
 128          void write_MultipleByte(uint8_t address,uint8_t length,uint8_t *date)    //?????
 129          { 
 130            I2C_Start();           
 131            write_byte(0XA0);      
 132            read_ACK();
 133            write_byte(address);    
 134            read_ACK();
 135            while(length--)
 136            {
 137              write_byte(*date++);
 138              read_ACK();
 139              //I2CDelay();
 140            }
 141            I2C_Stop();
 142          }
 143          
 144          
 145          uint8_t read_add(uint8_t address,bit ACK)  //? 24C02 ?????
 146          {
 147            uint8_t date;
 148            I2C_Start();          //???????
 149            write_byte(0XA0);      //?????
 150            read_ACK();              //????
 151            write_byte(address);     //????????
 152            read_ACK();              //????
 153            I2C_Start();            //???????
 154            write_byte(0XA1);       //?????
 155            read_ACK();              //????
 156            date=read_byte();      //???
 157            
 158            send_ACK(ACK);     //????ACK????
 159            
 160            I2C_Stop();          //????
 161            
 162            return date;
 163          }
 164          
 165          void read_MultipleByte(uint8_t *temp,uint8_t address,uint8_t data_size)    //??????
 166          {
 167            I2C_Start();
 168            write_byte(0XA0);
 169            read_ACK();
 170            write_byte(address);
 171            read_ACK();
 172            
 173            I2C_Start();
 174            write_byte(0XA1);
 175            read_ACK();
 176            
C51 COMPILER V9.59.0.0   I2C                                                               04/21/2024 19:25:17 PAGE 4   

 177            while(data_size--)
 178            {
 179              *temp++=read_byte();
 180              //I2CDelay();
 181              send_ACK(data_size);     //????ACK,?data_size = 0?,?????    ????,???????;???,???????
 182            }
 183            
 184            I2C_Stop();
 185            
 186            //return temp;
 187          }
 188          
 189          
 190          

C51 COMPILATION COMPLETE.  0 WARNING(S),  2 ERROR(S)
