C51 COMPILER V9.59.0.0   MAIN                                                              04/21/2024 21:18:29 PAGE 1   


C51 COMPILER V9.59.0.0, COMPILATION OF MODULE MAIN
OBJECT MODULE PLACED IN .\Obj\main.obj
COMPILER INVOKED BY: C:\Keil_v5\C51\BIN\C51.EXE User\main.c OPTIMIZE(8,SPEED) BROWSE INCDIR(.\App\24c02;.\App\iic;.\App\
                    -key;.\App\smg;.\Public;.\App\ds18b20;.\App\ds1302) DEBUG OBJECTEXTEND PRINT(.\Obj\main.lst) TABS(2) OBJECT(.\Obj\main.ob
                    -j)

line level    source

   1          #include "reg52.h"
   2          #include "ds3231.h"
*** WARNING C209 IN LINE 43 OF ds3231.h: '_I2C_SendNAK': too few actual parameters
   3          #include "smg.h"
   4          
   5          void main()
   6          {
   7   1        u8 time_buf[6];
   8   1        while(1)
   9   1        {
  10   2          RTC_Read();
  11   2          time_buf[0]=gsmg_code[rtc[13]];
  12   2          time_buf[1]=gsmg_code[rtc[12]];
  13   2          time_buf[2]=gsmg_code[rtc[11]];
  14   2          time_buf[3]=gsmg_code[rtc[10]];
  15   2          time_buf[4]=gsmg_code[rtc[9]];
  16   2          time_buf[5]=gsmg_code[rtc[8]];
  17   2          smg_display(time_buf,1);
  18   2        }
  19   1      }
  20          
  21          


MODULE INFORMATION:   STATIC OVERLAYABLE
   CODE SIZE        =    474    ----
   CONSTANT SIZE    =   ----    ----
   XDATA SIZE       =   ----    ----
   PDATA SIZE       =   ----    ----
   DATA SIZE        =     23       6
   IDATA SIZE       =   ----    ----
   BIT SIZE         =   ----    ----
END OF MODULE INFORMATION.


C51 COMPILATION COMPLETE.  1 WARNING(S),  0 ERROR(S)
