C51 COMPILER V9.59.0.0   SMG                                                               04/21/2024 21:18:29 PAGE 1   


C51 COMPILER V9.59.0.0, COMPILATION OF MODULE SMG
OBJECT MODULE PLACED IN .\Obj\smg.obj
COMPILER INVOKED BY: C:\Keil_v5\C51\BIN\C51.EXE App\smg\smg.c OPTIMIZE(8,SPEED) BROWSE INCDIR(.\App\24c02;.\App\iic;.\Ap
                    -p\key;.\App\smg;.\Public;.\App\ds18b20;.\App\ds1302) DEBUG OBJECTEXTEND PRINT(.\Obj\smg.lst) TABS(2) OBJECT(.\Obj\smg.ob
                    -j)

line level    source

   1          #include "smg.h"
   2          
   3          //共阴极数码管显示0~F的段码数据
   4          u8 gsmg_code[10]={0x80,0x81,0x82,0x83
   5          ,0x84,0x85,0x08,0x10,0x20,0x40};
   6          
   7          u8 light_code[6]={0x10,0x02,0x04,0x08,0x40,0x20};
   8                     //0,1,2,3,4,5,6,7,8,9
   9          /*******************************************************************************
  10          * 函 数 名       : smg_display
  11          * 函数功能     : 动态数码管显示
  12          * 输    入       : dat：要显示的数据
  13                     pos：从左开始第几个位置开始显示，范围1-8
  14          * 输    出       : 无
  15          *******************************************************************************/
  16          
  17          
  18          
  19          void smg_display(u8 dat[],u8 pos)
  20          {
  21   1        u8 i=0;
  22   1        u8 pos_temp=pos-1;
  23   1      
  24   1        for(i=pos_temp;i<6;i++)
  25   1        {
  26   2            switch(5-i)//位选
  27   2          {
  28   3            case 0: P1=light_code[5];break;
  29   3            case 1: P1=light_code[4];break;
  30   3            case 2: P1=light_code[3];break;
  31   3            case 3: P1=light_code[2];break;
  32   3            case 4: P1=light_code[1];break;
  33   3            case 5: P1=light_code[0];break;
  34   3          }
  35   2          SMG_A_DP_PORT=dat[i-pos_temp];//传送段选数据
  36   2          delay_10us(300);//延时一段时间，等待显示稳定
  37   2          SMG_A_DP_PORT=0x00;//消音
  38   2        }
  39   1      }
  40          


MODULE INFORMATION:   STATIC OVERLAYABLE
   CODE SIZE        =    117    ----
   CONSTANT SIZE    =   ----    ----
   XDATA SIZE       =   ----    ----
   PDATA SIZE       =   ----    ----
   DATA SIZE        =     16       5
   IDATA SIZE       =   ----    ----
   BIT SIZE         =   ----    ----
END OF MODULE INFORMATION.


C51 COMPILATION COMPLETE.  0 WARNING(S),  0 ERROR(S)
